


ARM Macro Assembler    Page 1 


    1 00000000                 AREA             myData, DATA, READWRITE
    2 00000000         ;global variable in assembly
    3 00000000 00000000 
                       OrigStackPointer
                               DCD              0x00
    4 00000004         
    5 00000004                 AREA             myProg, CODE, READONLY
    6 00000000         ;export assembly functions
    7 00000000                 EXPORT           process_terminated
    8 00000000                 EXPORT           process_begin
    9 00000000                 EXPORT           process_blocked
   10 00000000                 EXPORT           PIT0_IRQHandler
   11 00000000                 EXPORT           SVC_Handler
   12 00000000         ;import C functions
   13 00000000                 IMPORT           process_select
   14 00000000         
   15 00000000                 PRESERVE8
   16 00000000         
   17 00000000         
   18 00000000 4003710C 
                       TFLG    EQU              0x4003710C  ; TFLG address
   19 00000000 40037108 
                       CTRL    EQU              0x40037108  ; Ctrl address
   20 00000000 E000ED20 
                       SHCSR   EQU              0xE000ED20
   21 00000000         
   22 00000000         SVC_Handler
   23 00000000 9906            LDR              R1, [SP,#24] ; Read PC of SVC i
                                                            nstruction
   24 00000002 F811 0C02       LDRB             R0, [R1,#-2] ; Get #N from SVC 
                                                            instruction
   25 00000006 A101            ADR              R1, SVC_Table
   26 00000008 F851 F020       LDR              PC, [R1,R0,LSL #2] ; Branch to 
                                                            Nth SVC routine
   27 0000000C         
   28 0000000C         SVC_Table
   29 0000000C 00000000        DCD              SVC0_begin
   30 00000010 00000000        DCD              SVC1_terminate
   31 00000014 00000000        DCD              PIT0_IRQHandler ; Use system ti
                                                            ck as SVC2 handler
   32 00000018         
   33 00000018         SVC0_begin
   34 00000018 E92D 4FF0       PUSH             {R4-R11,LR}
   35 0000001C         ;******* Store Original Stack Pointer ********
   36 0000001C 4915            LDR              R1, =OrigStackPointer
   37 0000001E F8C1 D000       STR              SP, [R1]
   38 00000022         ;********************************************
   39 00000022         SVC1_terminate
   40 00000022         
   41 00000022 2000            MOVS             R0, #0
   42 00000024 E011            B                entry_for_dead_process
   43 00000026         
   44 00000026         process_terminated
   45 00000026 B662            CPSIE            i           ; Enable global int
                                                            errupts, just in ca
                                                            se
   46 00000028 DF01            SVC              #1          ; SVC1 = process te
                                                            rminated
   47 0000002A         



ARM Macro Assembler    Page 2 


   48 0000002A         process_begin
   49 0000002A B662            CPSIE            i           ; Enable global int
                                                            errupts (for SVC)
   50 0000002C DF00            SVC              #0          ; Syscall into sche
                                                            duler
   51 0000002E 4770            BX               LR
   52 00000030         
   53 00000030         
   54 00000030         process_blocked
   55 00000030 B662            CPSIE            i           ; Enable global int
                                                            errupts, just in ca
                                                            se
   56 00000032 DF02            SVC              #2          ; SVC2 = process bl
                                                            ocked
   57 00000034 4770            BX               LR
   58 00000036         
   59 00000036         PIT0_IRQHandler                      ; Timer Interrupt
   60 00000036 B672            CPSID            i           ; Disable all inter
                                                            rupts
   61 00000038 E92D 4FF0       PUSH             {R4-R11,LR} ; save registers
   62 0000003C         ;----store scheduling timer state----
   63 0000003C 490E            LDR              R1, =CTRL
   64 0000003E 6808            LDR              R0, [R1]
   65 00000040 B401            PUSH             {R0}
   66 00000042         
   67 00000042         ;---clear the interrupt flag----
   68 00000042 4C0E            LDR              R4, =TFLG
   69 00000044 2101            MOVS             R1, #1
   70 00000046 6021            STR              R1, [R4]
   71 00000048         ;-------------------------------
   72 00000048         
   73 00000048         ;move sp to r0 to prepare for process_select
   74 00000048 4668            MOV              R0, SP
   75 0000004A         
   76 0000004A         entry_for_dead_process
   77 0000004A F7FF FFFE       BL               process_select ;Process_select 
                                                            returns 0 if there 
                                                            are no processes le
                                                            ft
   78 0000004E 2800            CMP              R0, #0
   79 00000050 D108            BNE              lresume     ;take branch if the
                                                            re are more process
                                                            es
   80 00000052         
   81 00000052         ;******* Load Original Stack Pointer ********
   82 00000052 4908            LDR              R1, =OrigStackPointer
   83 00000054 F8D1 D000       LDR              SP, [R1]
   84 00000058         ;********************************************
   85 00000058         ; Disable scheduling timer before returning to initial c
                       aller
   86 00000058 4907            LDR              R1, =CTRL
   87 0000005A F04F 0000       MOV              R0, #0
   88 0000005E 6008            STR              R0, [R1]
   89 00000060         
   90 00000060 E8BD 8FF0       POP              {R4-R11,PC} ; Restore calle-sav
                                                            e state and return
   91 00000064         
   92 00000064         lresume
   93 00000064         



ARM Macro Assembler    Page 3 


   94 00000064 4685            MOV              SP, R0      ;switch stacks
   95 00000066         ;---- restore scheduling timer state
   96 00000066 BC01            POP              {R0}
   97 00000068 4903            LDR              R1, =CTRL
   98 0000006A 6008            STR              R0, [R1]
   99 0000006C         
  100 0000006C B662            CPSIE            I           ; Enable global int
                                                            errupts before retu
                                                            rning from handler
  101 0000006E E8BD 8FF0       POP              {R4-R11,PC} ; Restore registers
                                                             that aren't saved 
                                                            by interrupt, and r
                                                            eturn from interrup
                                                            t
  102 00000072                 END
              00 00 00000000 
              40037108 
              4003710C 
Command Line: --debug --xref --diag_suppress=9931 --cpu=Cortex-M4 --apcs=interw
ork --depend=.\objects\3140.d -o.\objects\3140.o -I.\RTE\Device\MK64FN1M0VLL12 
-I.\RTE\_Target_1 -IC:\Keil_v5\ARM\PACK\ARM\CMSIS\5.2.0\CMSIS\Include -IC:\Keil
_v5\ARM\PACK\NXP\MK64F12_DFP\10.0.0 --predefine="__EVAL SETA 1" --predefine="__
MICROLIB SETA 1" --predefine="__UVISION_VERSION SETA 524" --predefine="_RTE_ SE
TA 1" --predefine="CPU_MK64FN1M0VLL12 SETA 1" --list=.\listings\3140.lst 3140.s



ARM Macro Assembler    Page 1 Alphabetic symbol ordering
Relocatable symbols

OrigStackPointer 00000000

Symbol: OrigStackPointer
   Definitions
      At line 3 in file 3140.s
   Uses
      At line 36 in file 3140.s
      At line 82 in file 3140.s

myData 00000000

Symbol: myData
   Definitions
      At line 1 in file 3140.s
   Uses
      None
Comment: myData unused
2 symbols



ARM Macro Assembler    Page 1 Alphabetic symbol ordering
Relocatable symbols

PIT0_IRQHandler 00000036

Symbol: PIT0_IRQHandler
   Definitions
      At line 59 in file 3140.s
   Uses
      At line 10 in file 3140.s
      At line 31 in file 3140.s

SVC0_begin 00000018

Symbol: SVC0_begin
   Definitions
      At line 33 in file 3140.s
   Uses
      At line 29 in file 3140.s
Comment: SVC0_begin used once
SVC1_terminate 00000022

Symbol: SVC1_terminate
   Definitions
      At line 39 in file 3140.s
   Uses
      At line 30 in file 3140.s
Comment: SVC1_terminate used once
SVC_Handler 00000000

Symbol: SVC_Handler
   Definitions
      At line 22 in file 3140.s
   Uses
      At line 11 in file 3140.s
Comment: SVC_Handler used once
SVC_Table 0000000C

Symbol: SVC_Table
   Definitions
      At line 28 in file 3140.s
   Uses
      At line 25 in file 3140.s
Comment: SVC_Table used once
entry_for_dead_process 0000004A

Symbol: entry_for_dead_process
   Definitions
      At line 76 in file 3140.s
   Uses
      At line 42 in file 3140.s
Comment: entry_for_dead_process used once
lresume 00000064

Symbol: lresume
   Definitions
      At line 92 in file 3140.s
   Uses
      At line 79 in file 3140.s
Comment: lresume used once
myProg 00000000




ARM Macro Assembler    Page 2 Alphabetic symbol ordering
Relocatable symbols

Symbol: myProg
   Definitions
      At line 5 in file 3140.s
   Uses
      None
Comment: myProg unused
process_begin 0000002A

Symbol: process_begin
   Definitions
      At line 48 in file 3140.s
   Uses
      At line 8 in file 3140.s
Comment: process_begin used once
process_blocked 00000030

Symbol: process_blocked
   Definitions
      At line 54 in file 3140.s
   Uses
      At line 9 in file 3140.s
Comment: process_blocked used once
process_terminated 00000026

Symbol: process_terminated
   Definitions
      At line 44 in file 3140.s
   Uses
      At line 7 in file 3140.s
Comment: process_terminated used once
11 symbols



ARM Macro Assembler    Page 1 Alphabetic symbol ordering
Absolute symbols

CTRL 40037108

Symbol: CTRL
   Definitions
      At line 19 in file 3140.s
   Uses
      At line 63 in file 3140.s
      At line 86 in file 3140.s
      At line 97 in file 3140.s

SHCSR E000ED20

Symbol: SHCSR
   Definitions
      At line 20 in file 3140.s
   Uses
      None
Comment: SHCSR unused
TFLG 4003710C

Symbol: TFLG
   Definitions
      At line 18 in file 3140.s
   Uses
      At line 68 in file 3140.s
Comment: TFLG used once
3 symbols



ARM Macro Assembler    Page 1 Alphabetic symbol ordering
External symbols

process_select 00000000

Symbol: process_select
   Definitions
      At line 13 in file 3140.s
   Uses
      At line 77 in file 3140.s
Comment: process_select used once
1 symbol
354 symbols in table
